<?xml version="1.0" encoding="UTF-8"?>
<!-- Generated by org.testng.reporters.JUnitXMLReporter -->
<testsuite hostname="LAPTOP-HN641TBH" ignored="1" name="Test" tests="5" failures="0" timestamp="2020-08-27T14:27:06 CDT" time="0.226" errors="0">
  <testcase name="appiumMobileAutomation" time="0.036" classname="SaiMavenProject.MavenJava.appiumTest"/>
  <testcase name="browserAutomation" time="0.003" classname="SaiMavenProject.MavenJava.SeleniumTest"/>
  <testcase name="uiElements" time="0.001" classname="SaiMavenProject.MavenJava.SeleniumTest"/>
  <testcase name="apiAutomation" time="0.002" classname="SaiMavenProject.MavenJava.APITest"/>
  <testcase name="triggerServiceCalls" time="0.003" classname="SaiMavenProject.MavenJava.APITest"/>
  <testcase name="appsInUi" time="0.0" classname="SaiMavenProject.MavenJava.appiumTest">
    <ignored/>
  </testcase> <!-- appsInUi -->
</testsuite> <!-- Test -->
