<?xml version="1.0" encoding="UTF-8"?>
<!-- Generated by org.testng.reporters.JUnitXMLReporter -->
<testsuite hostname="LAPTOP-HN641TBH" ignored="0" name="Command line test" tests="6" failures="0" timestamp="2020-09-02T10:37:00 CDT" time="0.061" errors="0">
  <testcase name="apiAutomation" time="0.005" classname="SaiMavenProject.MavenJava.APITest"/>
  <testcase name="triggerServiceCalls" time="0.001" classname="SaiMavenProject.MavenJava.APITest"/>
  <testcase name="appiumMobileAutomation" time="0.0" classname="SaiMavenProject.MavenJava.appiumTest"/>
  <testcase name="appsInUi" time="0.001" classname="SaiMavenProject.MavenJava.appiumTest"/>
  <testcase name="browserAutomation" time="0.0" classname="SaiMavenProject.MavenJava.SeleniumTest"/>
  <testcase name="uiElements" time="0.0" classname="SaiMavenProject.MavenJava.SeleniumTest"/>
</testsuite> <!-- Command line test -->
